<?xml version="1.0" encoding="UTF-8"?>
<robot generator="Robot 6.1.1 (Python 3.12.1 on darwin)" generated="20240201 21:35:22.398" rpa="false" schemaversion="4">
<suite id="s1" name="CreateUserAndCreateGrade" source="/Users/madamakbar/Documents/Test_RobotFramework_Parkee/CreateUserAndCreateGrade.robot">
<test id="s1-t1" name="Login dan Tambah Pengguna Baru" line="37">
<kw name="Open Browser" library="SeleniumLibrary">
<arg>${URL}</arg>
<arg>${BROWSER}</arg>
<doc>Opens a new browser instance to the optional ``url``.</doc>
<msg timestamp="20240201 21:35:22.497" level="INFO">Opening browser 'Chrome' to base url 'https://opensource-demo.orangehrmlive.com/web/index.php/auth/login'.</msg>
<status status="PASS" starttime="20240201 21:35:22.497" endtime="20240201 21:35:27.564"/>
</kw>
<kw name="Wait Until Element Is Visible" library="SeleniumLibrary">
<arg>${Username}</arg>
<doc>Waits until the element ``locator`` is visible.</doc>
<status status="PASS" starttime="20240201 21:35:27.564" endtime="20240201 21:35:28.004"/>
</kw>
<kw name="Input Text" library="SeleniumLibrary">
<arg>${Username}</arg>
<arg>admin</arg>
<doc>Types the given ``text`` into the text field identified by ``locator``.</doc>
<msg timestamp="20240201 21:35:28.004" level="INFO">Typing text 'admin' into text field 'name=username'.</msg>
<status status="PASS" starttime="20240201 21:35:28.004" endtime="20240201 21:35:28.101"/>
</kw>
<kw name="Input Text" library="SeleniumLibrary">
<arg>${Password}</arg>
<arg>admin123</arg>
<doc>Types the given ``text`` into the text field identified by ``locator``.</doc>
<msg timestamp="20240201 21:35:28.102" level="INFO">Typing text 'admin123' into text field 'name=password'.</msg>
<status status="PASS" starttime="20240201 21:35:28.101" endtime="20240201 21:35:28.142"/>
</kw>
<kw name="Click Button" library="SeleniumLibrary">
<arg>${Button_Login}</arg>
<doc>Clicks the button identified by ``locator``.</doc>
<msg timestamp="20240201 21:35:28.143" level="INFO">Clicking button '//div[@id='app']/div[@class='orangehrm-login-layout']/div[@class='orangehrm-login-layout-blob']//form[@action='/web/index.php/auth/validate']/div[3]/button[@type='submit']'.</msg>
<status status="PASS" starttime="20240201 21:35:28.143" endtime="20240201 21:35:29.524"/>
</kw>
<kw name="Wait Until Element Is Visible" library="SeleniumLibrary">
<arg>${Menu_Admin}</arg>
<doc>Waits until the element ``locator`` is visible.</doc>
<status status="PASS" starttime="20240201 21:35:29.525" endtime="20240201 21:35:29.960"/>
</kw>
<kw name="Click Element" library="SeleniumLibrary">
<arg>${Menu_Admin}</arg>
<doc>Click the element identified by ``locator``.</doc>
<msg timestamp="20240201 21:35:29.961" level="INFO">Clicking element '//div[@id='app']//aside/nav[@role='navigation']//ul[@class='oxd-main-menu']/li[1]/a[@href='/web/index.php/admin/viewAdminModule']'.</msg>
<status status="PASS" starttime="20240201 21:35:29.960" endtime="20240201 21:35:31.484"/>
</kw>
<kw name="Wait Until Element Is Visible" library="SeleniumLibrary">
<arg>${Buttun_Add}</arg>
<doc>Waits until the element ``locator`` is visible.</doc>
<status status="PASS" starttime="20240201 21:35:31.484" endtime="20240201 21:35:31.918"/>
</kw>
<kw name="Click Button" library="SeleniumLibrary">
<arg>${Buttun_Add}</arg>
<doc>Clicks the button identified by ``locator``.</doc>
<msg timestamp="20240201 21:35:31.919" level="INFO">Clicking button '//div[@id='app']/div[@class='oxd-layout']/div[@class='oxd-layout-container']/div[@class='oxd-layout-context']//div[@class='orangehrm-header-container']/button[@type='button']'.</msg>
<status status="PASS" starttime="20240201 21:35:31.918" endtime="20240201 21:35:32.370"/>
</kw>
<kw name="Wait Until Element Is Visible" library="SeleniumLibrary">
<arg>${User_Role}</arg>
<doc>Waits until the element ``locator`` is visible.</doc>
<status status="PASS" starttime="20240201 21:35:32.370" endtime="20240201 21:35:32.814"/>
</kw>
<kw name="Click Element" library="SeleniumLibrary">
<arg>${User_Role}</arg>
<doc>Click the element identified by ``locator``.</doc>
<msg timestamp="20240201 21:35:32.815" level="INFO">Clicking element '//div[@id='app']/div[@class='oxd-layout']/div[@class='oxd-layout-container']/div[@class='oxd-layout-context']//form[@class='oxd-form']/div[@class='oxd-form-row']/div/div[1]/div/div[2]/div[@class='oxd-select-wrapper']/div/div[@class='oxd-select-text-input']'.</msg>
<status status="PASS" starttime="20240201 21:35:32.814" endtime="20240201 21:35:32.837"/>
</kw>
<kw name="Click Element" library="SeleniumLibrary">
<arg>${Select_Role}</arg>
<doc>Click the element identified by ``locator``.</doc>
<msg timestamp="20240201 21:35:32.837" level="INFO">Clicking element '//*[@id="app"]/div[1]/div[2]/div[2]/div/div/form/div[1]/div/div[1]/div/div[2]/div/div[2]/div[2]'.</msg>
<status status="PASS" starttime="20240201 21:35:32.837" endtime="20240201 21:35:32.858"/>
</kw>
<kw name="Click Element" library="SeleniumLibrary">
<arg>${Status}</arg>
<doc>Click the element identified by ``locator``.</doc>
<msg timestamp="20240201 21:35:32.858" level="INFO">Clicking element '//div[@id='app']/div[@class='oxd-layout']/div[@class='oxd-layout-container']/div[@class='oxd-layout-context']//form[@class='oxd-form']/div[@class='oxd-form-row']/div/div[3]/div/div[2]/div[@class='oxd-select-wrapper']/div/div[@class='oxd-select-text-input']'.</msg>
<status status="PASS" starttime="20240201 21:35:32.858" endtime="20240201 21:35:32.876"/>
</kw>
<kw name="Click Element" library="SeleniumLibrary">
<arg>${Select_Status}</arg>
<doc>Click the element identified by ``locator``.</doc>
<msg timestamp="20240201 21:35:32.876" level="INFO">Clicking element '//div[@id='app']/div[@class='oxd-layout']/div[@class='oxd-layout-container']/div[@class='oxd-layout-context']//form[@class='oxd-form']/div[@class='oxd-form-row']//div[@role='listbox']/div[2]/span[.='Enabled']'.</msg>
<status status="PASS" starttime="20240201 21:35:32.876" endtime="20240201 21:35:32.897"/>
</kw>
<kw name="Input Text" library="SeleniumLibrary">
<arg>${Employe_Name}</arg>
<arg>Linda Jane Anderson</arg>
<doc>Types the given ``text`` into the text field identified by ``locator``.</doc>
<msg timestamp="20240201 21:35:32.897" level="INFO">Typing text 'Linda Jane Anderson' into text field '//div[@id='app']/div[@class='oxd-layout']/div[@class='oxd-layout-container']/div[@class='oxd-layout-context']//form[@class='oxd-form']/div[@class='oxd-form-row']/div/div[2]/div//div[@class='oxd-autocomplete-wrapper']/div/input[@placeholder='Type for hints...']'.</msg>
<status status="PASS" starttime="20240201 21:35:32.897" endtime="20240201 21:35:32.936"/>
</kw>
<kw name="Sleep" library="BuiltIn">
<arg>3s</arg>
<doc>Pauses the test executed for the given time.</doc>
<msg timestamp="20240201 21:35:35.941" level="INFO">Slept 3 seconds</msg>
<status status="PASS" starttime="20240201 21:35:32.936" endtime="20240201 21:35:35.942"/>
</kw>
<kw name="Click Element" library="SeleniumLibrary">
<arg>${Select_Name}</arg>
<doc>Click the element identified by ``locator``.</doc>
<msg timestamp="20240201 21:35:35.945" level="INFO">Clicking element '//*[@id="app"]/div[1]/div[2]/div[2]/div/div/form/div[1]/div/div[2]/div/div[2]/div/div[2]/div'.</msg>
<status status="PASS" starttime="20240201 21:35:35.944" endtime="20240201 21:35:35.986"/>
</kw>
<kw name="Sleep" library="BuiltIn">
<arg>3s</arg>
<doc>Pauses the test executed for the given time.</doc>
<msg timestamp="20240201 21:35:38.988" level="INFO">Slept 3 seconds</msg>
<status status="PASS" starttime="20240201 21:35:35.987" endtime="20240201 21:35:38.989"/>
</kw>
<kw name="Generate Random Username" library="RandomUsernameLibrary">
<var>${random_username}</var>
<arg>Robot</arg>
<msg timestamp="20240201 21:35:38.992" level="INFO">${random_username} = Robot057</msg>
<status status="PASS" starttime="20240201 21:35:38.991" endtime="20240201 21:35:38.992"/>
</kw>
<kw name="Set Suite Variable" library="BuiltIn">
<arg>${random_username}</arg>
<doc>Makes a variable available everywhere within the scope of the current suite.</doc>
<msg timestamp="20240201 21:35:38.993" level="INFO">${random_username} = Robot057</msg>
<status status="PASS" starttime="20240201 21:35:38.993" endtime="20240201 21:35:38.994"/>
</kw>
<kw name="Input Text" library="SeleniumLibrary">
<arg>${New_Username}</arg>
<arg>${random_username}</arg>
<doc>Types the given ``text`` into the text field identified by ``locator``.</doc>
<msg timestamp="20240201 21:35:38.996" level="INFO">Typing text 'Robot057' into text field '//div[@id='app']/div[@class='oxd-layout']/div[@class='oxd-layout-container']/div[@class='oxd-layout-context']//form[@class='oxd-form']/div[@class='oxd-form-row']/div/div[4]/div/div[2]/input'.</msg>
<status status="PASS" starttime="20240201 21:35:38.995" endtime="20240201 21:35:39.070"/>
</kw>
<kw name="Input Password" library="SeleniumLibrary">
<arg>${New_Password}</arg>
<arg>password123</arg>
<doc>Types the given password into the text field identified by ``locator``.</doc>
<msg timestamp="20240201 21:35:39.070" level="INFO">Typing password into text field '//div[@id='app']//form[@class='oxd-form']/div[@class='oxd-form-row user-password-row']/div/div[@class='oxd-grid-item oxd-grid-item--gutters user-password-cell']/div//input[@type='password']'.</msg>
<msg timestamp="20240201 21:35:39.087" level="INFO">Temporally setting log level to: NONE</msg>
<msg timestamp="20240201 21:35:39.108" level="INFO">Log level changed from NONE to INFO.</msg>
<status status="PASS" starttime="20240201 21:35:39.070" endtime="20240201 21:35:39.108"/>
</kw>
<kw name="Input Password" library="SeleniumLibrary">
<arg>${Confirm_Password}</arg>
<arg>password123</arg>
<doc>Types the given password into the text field identified by ``locator``.</doc>
<msg timestamp="20240201 21:35:39.109" level="INFO">Typing password into text field '//div[@id='app']//form[@class='oxd-form']/div[@class='oxd-form-row user-password-row']/div/div[@class='oxd-grid-item oxd-grid-item--gutters']/div//input[@type='password']'.</msg>
<msg timestamp="20240201 21:35:39.125" level="INFO">Temporally setting log level to: NONE</msg>
<msg timestamp="20240201 21:35:39.148" level="INFO">Log level changed from NONE to INFO.</msg>
<status status="PASS" starttime="20240201 21:35:39.108" endtime="20240201 21:35:39.148"/>
</kw>
<kw name="Click Button" library="SeleniumLibrary">
<arg>${Save_User}</arg>
<doc>Clicks the button identified by ``locator``.</doc>
<msg timestamp="20240201 21:35:39.148" level="INFO">Clicking button '//div[@id='app']/div[@class='oxd-layout']/div[@class='oxd-layout-container']//form[@class='oxd-form']//button[@type='submit']'.</msg>
<status status="PASS" starttime="20240201 21:35:39.148" endtime="20240201 21:35:39.175"/>
</kw>
<status status="PASS" starttime="20240201 21:35:22.496" endtime="20240201 21:35:39.175"/>
</test>
<test id="s1-t2" name="Login dan Tambah Pay Grades Baru" line="63">
<kw name="Open Browser" library="SeleniumLibrary">
<arg>${URL}</arg>
<arg>${BROWSER}</arg>
<doc>Opens a new browser instance to the optional ``url``.</doc>
<msg timestamp="20240201 21:35:39.177" level="INFO">Opening browser 'Chrome' to base url 'https://opensource-demo.orangehrmlive.com/web/index.php/auth/login'.</msg>
<status status="PASS" starttime="20240201 21:35:39.176" endtime="20240201 21:35:43.826"/>
</kw>
<kw name="Wait Until Element Is Visible" library="SeleniumLibrary">
<arg>${Username}</arg>
<doc>Waits until the element ``locator`` is visible.</doc>
<status status="PASS" starttime="20240201 21:35:43.828" endtime="20240201 21:35:44.267"/>
</kw>
<kw name="Input Text" library="SeleniumLibrary">
<arg>${Username}</arg>
<arg>${random_username}</arg>
<doc>Types the given ``text`` into the text field identified by ``locator``.</doc>
<msg timestamp="20240201 21:35:44.268" level="INFO">Typing text 'Robot057' into text field 'name=username'.</msg>
<status status="PASS" starttime="20240201 21:35:44.268" endtime="20240201 21:35:44.379"/>
</kw>
<kw name="Input Text" library="SeleniumLibrary">
<arg>${Password}</arg>
<arg>password123</arg>
<doc>Types the given ``text`` into the text field identified by ``locator``.</doc>
<msg timestamp="20240201 21:35:44.380" level="INFO">Typing text 'password123' into text field 'name=password'.</msg>
<status status="PASS" starttime="20240201 21:35:44.379" endtime="20240201 21:35:44.467"/>
</kw>
<kw name="Click Button" library="SeleniumLibrary">
<arg>${Button_Login}</arg>
<doc>Clicks the button identified by ``locator``.</doc>
<msg timestamp="20240201 21:35:44.467" level="INFO">Clicking button '//div[@id='app']/div[@class='orangehrm-login-layout']/div[@class='orangehrm-login-layout-blob']//form[@action='/web/index.php/auth/validate']/div[3]/button[@type='submit']'.</msg>
<status status="PASS" starttime="20240201 21:35:44.467" endtime="20240201 21:35:45.803"/>
</kw>
<kw name="Wait Until Element Is Visible" library="SeleniumLibrary">
<arg>${Menu_Admin}</arg>
<doc>Waits until the element ``locator`` is visible.</doc>
<status status="PASS" starttime="20240201 21:35:45.803" endtime="20240201 21:35:46.241"/>
</kw>
<kw name="Click Element" library="SeleniumLibrary">
<arg>${Menu_Admin}</arg>
<doc>Click the element identified by ``locator``.</doc>
<msg timestamp="20240201 21:35:46.241" level="INFO">Clicking element '//div[@id='app']//aside/nav[@role='navigation']//ul[@class='oxd-main-menu']/li[1]/a[@href='/web/index.php/admin/viewAdminModule']'.</msg>
<status status="PASS" starttime="20240201 21:35:46.241" endtime="20240201 21:35:47.542"/>
</kw>
<kw name="Wait Until Element Is Visible" library="SeleniumLibrary">
<arg>${Job}</arg>
<doc>Waits until the element ``locator`` is visible.</doc>
<status status="PASS" starttime="20240201 21:35:47.542" endtime="20240201 21:35:47.995"/>
</kw>
<kw name="Click Element" library="SeleniumLibrary">
<arg>${Job}</arg>
<doc>Click the element identified by ``locator``.</doc>
<msg timestamp="20240201 21:35:47.996" level="INFO">Clicking element '//div[@id='app']//header[@class='oxd-topbar']//nav[@role='navigation']/ul/li[2]//i'.</msg>
<status status="PASS" starttime="20240201 21:35:47.995" endtime="20240201 21:35:48.020"/>
</kw>
<kw name="Click Link" library="SeleniumLibrary">
<arg>${Pay_Grade}</arg>
<doc>Clicks a link identified by ``locator``.</doc>
<msg timestamp="20240201 21:35:48.020" level="INFO">Clicking link '//div[@id='app']//header[@class='oxd-topbar']//nav[@role='navigation']/ul//ul[@role='menu']/li[2]/a[@role='menuitem']'.</msg>
<status status="PASS" starttime="20240201 21:35:48.020" endtime="20240201 21:35:48.539"/>
</kw>
<kw name="Wait Until Element Is Visible" library="SeleniumLibrary">
<arg>${Add_Grade}</arg>
<doc>Waits until the element ``locator`` is visible.</doc>
<status status="PASS" starttime="20240201 21:35:48.540" endtime="20240201 21:35:48.978"/>
</kw>
<kw name="Click Button" library="SeleniumLibrary">
<arg>${Add_Grade}</arg>
<doc>Clicks the button identified by ``locator``.</doc>
<msg timestamp="20240201 21:35:48.979" level="INFO">Clicking button '//div[@id='app']/div[@class='oxd-layout']/div[@class='oxd-layout-container']/div[@class='oxd-layout-context']//div[@class='orangehrm-header-container']/div/button[@type='button']'.</msg>
<status status="PASS" starttime="20240201 21:35:48.979" endtime="20240201 21:35:49.443"/>
</kw>
<kw name="Wait Until Element Is Visible" library="SeleniumLibrary">
<arg>${Name_Grade}</arg>
<doc>Waits until the element ``locator`` is visible.</doc>
<status status="PASS" starttime="20240201 21:35:49.443" endtime="20240201 21:35:49.877"/>
</kw>
<kw name="Input Text" library="SeleniumLibrary">
<arg>${Name_Grade}</arg>
<arg>Grade 7</arg>
<doc>Types the given ``text`` into the text field identified by ``locator``.</doc>
<msg timestamp="20240201 21:35:49.878" level="INFO">Typing text 'Grade 7' into text field '//div[@id='app']/div[@class='oxd-layout']/div[@class='oxd-layout-container']/div[@class='oxd-layout-context']//form[@class='oxd-form']/div[@class='oxd-form-row']//input'.</msg>
<status status="PASS" starttime="20240201 21:35:49.878" endtime="20240201 21:35:49.919"/>
</kw>
<kw name="Click Button" library="SeleniumLibrary">
<arg>${Save_Grade}</arg>
<doc>Clicks the button identified by ``locator``.</doc>
<msg timestamp="20240201 21:35:49.919" level="INFO">Clicking button '//div[@id='app']/div[@class='oxd-layout']/div[@class='oxd-layout-container']//form[@class='oxd-form']//button[@type='submit']'.</msg>
<status status="PASS" starttime="20240201 21:35:49.919" endtime="20240201 21:35:50.241"/>
</kw>
<kw name="Sleep" library="BuiltIn">
<arg>5s</arg>
<doc>Pauses the test executed for the given time.</doc>
<msg timestamp="20240201 21:35:55.245" level="INFO">Slept 5 seconds</msg>
<status status="PASS" starttime="20240201 21:35:50.241" endtime="20240201 21:35:55.250"/>
</kw>
<kw name="Click Button" library="SeleniumLibrary">
<arg>${Add_Currency}</arg>
<doc>Clicks the button identified by ``locator``.</doc>
<msg timestamp="20240201 21:35:55.253" level="INFO">Clicking button '//div[@id='app']/div[@class='oxd-layout']/div[@class='oxd-layout-container']/div[@class='oxd-layout-context']//div[@class='orangehrm-action-header']/button[@type='button']'.</msg>
<msg timestamp="20240201 21:35:55.475" level="INFO" html="true">&lt;/td&gt;&lt;/tr&gt;&lt;tr&gt;&lt;td colspan="3"&gt;&lt;a href="selenium-screenshot-5.png"&gt;&lt;img src="selenium-screenshot-5.png" width="800px"&gt;&lt;/a&gt;</msg>
<msg timestamp="20240201 21:35:55.475" level="FAIL">Button with locator '//div[@id='app']/div[@class='oxd-layout']/div[@class='oxd-layout-container']/div[@class='oxd-layout-context']//div[@class='orangehrm-action-header']/button[@type='button']' not found.</msg>
<status status="FAIL" starttime="20240201 21:35:55.252" endtime="20240201 21:35:55.482"/>
</kw>
<kw name="Wait Until Element Is Visible" library="SeleniumLibrary">
<arg>${Currency}</arg>
<doc>Waits until the element ``locator`` is visible.</doc>
<status status="NOT RUN" starttime="20240201 21:35:55.482" endtime="20240201 21:35:55.482"/>
</kw>
<kw name="Click Element" library="SeleniumLibrary">
<arg>${Currency}</arg>
<doc>Click the element identified by ``locator``.</doc>
<status status="NOT RUN" starttime="20240201 21:35:55.482" endtime="20240201 21:35:55.482"/>
</kw>
<kw name="Sleep" library="BuiltIn">
<arg>3s</arg>
<doc>Pauses the test executed for the given time.</doc>
<status status="NOT RUN" starttime="20240201 21:35:55.482" endtime="20240201 21:35:55.483"/>
</kw>
<kw name="Scroll Element Into View" library="SeleniumLibrary">
<arg>${Select_Currency}</arg>
<doc>Scrolls the element identified by ``locator`` into view.</doc>
<status status="NOT RUN" starttime="20240201 21:35:55.483" endtime="20240201 21:35:55.483"/>
</kw>
<kw name="Click Element" library="SeleniumLibrary">
<arg>${Select_Currency}</arg>
<doc>Click the element identified by ``locator``.</doc>
<status status="NOT RUN" starttime="20240201 21:35:55.483" endtime="20240201 21:35:55.483"/>
</kw>
<kw name="Sleep" library="BuiltIn">
<arg>3s</arg>
<doc>Pauses the test executed for the given time.</doc>
<status status="NOT RUN" starttime="20240201 21:35:55.483" endtime="20240201 21:35:55.483"/>
</kw>
<kw name="Input Text" library="SeleniumLibrary">
<arg>${Min_Salary}</arg>
<arg>10000</arg>
<doc>Types the given ``text`` into the text field identified by ``locator``.</doc>
<status status="NOT RUN" starttime="20240201 21:35:55.483" endtime="20240201 21:35:55.483"/>
</kw>
<kw name="Input Text" library="SeleniumLibrary">
<arg>${Max_Salary}</arg>
<arg>20000</arg>
<doc>Types the given ``text`` into the text field identified by ``locator``.</doc>
<status status="NOT RUN" starttime="20240201 21:35:55.483" endtime="20240201 21:35:55.483"/>
</kw>
<kw name="Click Button" library="SeleniumLibrary">
<arg>${Save_Currency}</arg>
<doc>Clicks the button identified by ``locator``.</doc>
<status status="NOT RUN" starttime="20240201 21:35:55.483" endtime="20240201 21:35:55.484"/>
</kw>
<status status="FAIL" starttime="20240201 21:35:39.176" endtime="20240201 21:35:55.484">Button with locator '//div[@id='app']/div[@class='oxd-layout']/div[@class='oxd-layout-container']/div[@class='oxd-layout-context']//div[@class='orangehrm-action-header']/button[@type='button']' not found.</status>
</test>
<status status="FAIL" starttime="20240201 21:35:22.400" endtime="20240201 21:35:55.484"/>
</suite>
<statistics>
<total>
<stat pass="1" fail="1" skip="0">All Tests</stat>
</total>
<tag>
</tag>
<suite>
<stat pass="1" fail="1" skip="0" id="s1" name="CreateUserAndCreateGrade">CreateUserAndCreateGrade</stat>
</suite>
</statistics>
<errors>
</errors>
</robot>
